<?xml version="1.0" encoding="UTF-8"?>
<!-- Generated by org.testng.reporters.JUnitReportReporter -->
<testsuite hostname="comunus-194" failures="0" tests="1" name="com.absli.testcases.EndtoEndProposerDiff_Major" time="59.726" errors="1" timestamp="30 Oct 2023 05:29:11 GMT" skipped="0">
  <testcase classname="com.absli.testcases.EndtoEndProposerDiff_Major" name="CompletemajordiffGMStestA" time="59.726">
    <error message="Cannot invoke &quot;com.absli.pageObjects.Dashboard.checkLoaderWeb()&quot; because &quot;this.dashboard&quot; is null" type="java.lang.NullPointerException">
      <![CDATA[java.lang.NullPointerException: Cannot invoke "com.absli.pageObjects.Dashboard.checkLoaderWeb()" because "this.dashboard" is null
	at Utils.ViewQuoteFactoryGMS.ViewPageGMS(ViewQuoteFactoryGMS.java:106)
	at com.absli.testcases.EndtoEndProposerDiff_Major.CompletemajordiffGMStestA(EndtoEndProposerDiff_Major.java:35)
	at java.base/jdk.internal.reflect.DirectMethodHandleAccessor.invoke(DirectMethodHandleAccessor.java:104)
	at java.base/java.lang.reflect.Method.invoke(Method.java:578)
	at org.testng.internal.MethodInvocationHelper.invokeMethod(MethodInvocationHelper.java:108)
	at org.testng.internal.Invoker.invokeMethod(Invoker.java:661)
	at org.testng.internal.Invoker.invokeTestMethod(Invoker.java:869)
	at org.testng.internal.Invoker.invokeTestMethods(Invoker.java:1193)
	at org.testng.internal.TestMethodWorker.invokeTestMethods(TestMethodWorker.java:126)
	at org.testng.internal.TestMethodWorker.run(TestMethodWorker.java:109)
	at org.testng.TestRunner.privateRun(TestRunner.java:744)
	at org.testng.TestRunner.run(TestRunner.java:602)
	at org.testng.SuiteRunner.runTest(SuiteRunner.java:380)
	at org.testng.SuiteRunner.access$000(SuiteRunner.java:39)
	at org.testng.SuiteRunner$SuiteWorker.run(SuiteRunner.java:414)
	at org.testng.internal.thread.ThreadUtil$1.call(ThreadUtil.java:52)
	at java.base/java.util.concurrent.FutureTask.run(FutureTask.java:317)
	at java.base/java.util.concurrent.ThreadPoolExecutor.runWorker(ThreadPoolExecutor.java:1144)
	at java.base/java.util.concurrent.ThreadPoolExecutor$Worker.run(ThreadPoolExecutor.java:642)
	at java.base/java.lang.Thread.run(Thread.java:1623)
]]>
    </error>
  </testcase> <!-- CompletemajordiffGMStestA -->
</testsuite> <!-- com.absli.testcases.EndtoEndProposerDiff_Major -->
